\BOOKMARK [1][-]{Doc-Start}{Terms of Reference}{}% 1
\BOOKMARK [1][-]{Doc-Start}{Declaration}{}% 2
\BOOKMARK [1][-]{Item.4}{Acknowledgements}{}% 3
\BOOKMARK [1][-]{Item.4}{Abstract}{}% 4
\BOOKMARK [0][-]{chapter.1}{1 Introduction}{}% 5
\BOOKMARK [1][-]{section.1.1}{1.1 Background to the study}{chapter.1}% 6
\BOOKMARK [1][-]{section.1.2}{1.2 Objectives of this study}{chapter.1}% 7
\BOOKMARK [1][-]{section.1.3}{1.3 Scope and Limitations}{chapter.1}% 8
\BOOKMARK [1][-]{section.1.4}{1.4 Plan of development}{chapter.1}% 9
\BOOKMARK [1][-]{section.1.5}{1.5 Report Outline}{chapter.1}% 10
\BOOKMARK [0][-]{chapter.2}{2 lit review}{}% 11
\BOOKMARK [1][-]{section.2.1}{2.1 Introduction}{chapter.2}% 12
\BOOKMARK [1][-]{section.2.2}{2.2 Subject Bourne Data Capture}{chapter.2}% 13
\BOOKMARK [1][-]{section.2.3}{2.3 Using 3rd person vision}{chapter.2}% 14
\BOOKMARK [1][-]{section.2.4}{2.4 Bio-Inspired Robotics}{chapter.2}% 15
\BOOKMARK [1][-]{section.2.5}{2.5 Human Gait}{chapter.2}% 16
\BOOKMARK [1][-]{section.2.6}{2.6 Humanoid robotics}{chapter.2}% 17
\BOOKMARK [1][-]{section.2.7}{2.7 Computer Vision}{chapter.2}% 18
\BOOKMARK [1][-]{section.2.8}{2.8 Motion Sensors}{chapter.2}% 19
\BOOKMARK [1][-]{section.2.9}{2.9 Mathematical Modelling}{chapter.2}% 20
\BOOKMARK [1][-]{section.2.10}{2.10 all citations}{chapter.2}% 21
\BOOKMARK [0][-]{chapter.3}{3 Methodology}{}% 22
\BOOKMARK [1][-]{section.3.1}{3.1 Mechanical Design}{chapter.3}% 23
\BOOKMARK [2][-]{subsection.3.1.1}{3.1.1 GoPro Session Bracket}{section.3.1}% 24
\BOOKMARK [1][-]{section.3.2}{3.2 Vision Calibration}{chapter.3}% 25
